[debug] [2019-04-28T15:03:23.531Z] ----------------------------------------------------------------------
[debug] [2019-04-28T15:03:23.533Z] Command:       /usr/bin/node /usr/bin/firebase deploy
[debug] [2019-04-28T15:03:23.533Z] CLI Version:   6.4.0
[debug] [2019-04-28T15:03:23.533Z] Platform:      linux
[debug] [2019-04-28T15:03:23.533Z] Node Version:  v10.9.0
[debug] [2019-04-28T15:03:23.534Z] Time:          Sun Apr 28 2019 20:33:23 GMT+0530 (India Standard Time)
[debug] [2019-04-28T15:03:23.534Z] ----------------------------------------------------------------------
[debug] 
[debug] [2019-04-28T15:03:23.539Z] > command requires scopes: ["email","openid","https://www.googleapis.com/auth/cloudplatformprojects.readonly","https://www.googleapis.com/auth/firebase","https://www.googleapis.com/auth/cloud-platform"]
[debug] [2019-04-28T15:03:23.539Z] > authorizing via signed-in user
[debug] [2019-04-28T15:03:23.539Z] [iam] checking project ritb-ieee for permissions ["cloudfunctions.functions.create","cloudfunctions.functions.delete","cloudfunctions.functions.get","cloudfunctions.functions.list","cloudfunctions.functions.update","cloudfunctions.operations.get","firebase.projects.get","firebasehosting.sites.update"]
[debug] [2019-04-28T15:03:23.541Z] >>> HTTP REQUEST POST https://cloudresourcemanager.googleapis.com/v1/projects/ritb-ieee:testIamPermissions  

[debug] [2019-04-28T15:03:28.373Z] <<< HTTP RESPONSE 200
[debug] [2019-04-28T15:03:28.375Z] >>> HTTP REQUEST GET https://firebase.googleapis.com/v1beta1/projects/ritb-ieee  
 
[debug] [2019-04-28T15:03:28.989Z] <<< HTTP RESPONSE 200
[info] 
[info] === Deploying to 'ritb-ieee'...
[info] 
[info] i  deploying functions, hosting
[debug] [2019-04-28T15:03:30.637Z] > [functions] package.json contents: {
  "name": "functions",
  "description": "Cloud Functions for Firebase",
  "scripts": {
    "serve": "firebase serve --only functions",
    "shell": "firebase functions:shell",
    "start": "npm run shell",
    "deploy": "firebase deploy --only functions",
    "logs": "firebase functions:log"
  },
  "dependencies": {
    "firebase-admin": "~7.0.0",
    "firebase-functions": "^2.2.0"
  },
  "private": true
}
[info] i  functions: ensuring necessary APIs are enabled...
[debug] [2019-04-28T15:03:30.638Z] >>> HTTP REQUEST GET https://servicemanagement.googleapis.com/v1/services/cloudfunctions.googleapis.com/projectSettings/ritb-ieee?view=CONSUMER_VIEW  
 
[debug] [2019-04-28T15:03:30.638Z] >>> HTTP REQUEST GET https://servicemanagement.googleapis.com/v1/services/runtimeconfig.googleapis.com/projectSettings/ritb-ieee?view=CONSUMER_VIEW  
 
